<?xml version="1.0" encoding="UTF-8"?>
<testsuite name="cs1501_p5.AllTest" tests="4" skipped="0" failures="0" errors="0" timestamp="2022-04-28T16:10:23" hostname="rowello" time="0.088">
  <properties/>
  <testcase name="Mult test 4digitA" classname="cs1501_p5.AllTest" time="0.053"/>
  <testcase name="Mult test 4digitB" classname="cs1501_p5.AllTest" time="0.002"/>
  <testcase name="XGCD test 4digitA" classname="cs1501_p5.AllTest" time="0.011"/>
  <testcase name="XGCD test 4digitB" classname="cs1501_p5.AllTest" time="0.012"/>
  <system-out><![CDATA[]]></system-out>
  <system-err><![CDATA[]]></system-err>
</testsuite>
